2025-07-22 17:55:38,856 django.utils.autoreload INFO     C:\Users\Karishma\Documents\Ticket_Systems\ticket_app\views.py changed, reloading.
2025-07-22 17:55:39,229 django.utils.autoreload INFO     Watching for file changes with StatReloader
2025-07-22 17:55:51,014 ticket_app.utils.response_optimizer INFO     Customer Ticket Details  were found successfully.
2025-07-22 18:03:00,615 django.utils.autoreload INFO     C:\Users\Karishma\Documents\Ticket_Systems\ticket_app\serializers.py changed, reloading.
2025-07-22 18:03:00,980 django.utils.autoreload INFO     Watching for file changes with StatReloader
2025-07-22 18:12:07,327 django.utils.autoreload INFO     C:\Users\Karishma\Documents\Ticket_Systems\ticket_app\serializers.py changed, reloading.
2025-07-22 18:12:07,697 django.utils.autoreload INFO     Watching for file changes with StatReloader
2025-07-22 18:18:19,131 django.utils.autoreload INFO     C:\Users\Karishma\Documents\Ticket_Systems\ticket_app\views.py changed, reloading.
2025-07-22 18:18:19,499 django.utils.autoreload INFO     Watching for file changes with StatReloader
2025-07-22 18:32:30,552 django.utils.autoreload INFO     C:\Users\Karishma\Documents\Ticket_Systems\ticket_app\serializers.py changed, reloading.
2025-07-22 18:32:30,901 django.utils.autoreload INFO     Watching for file changes with StatReloader
2025-07-22 18:35:07,343 django.utils.autoreload INFO     Watching for file changes with StatReloader
2025-07-22 18:37:43,351 django.utils.autoreload INFO     C:\Users\Karishma\Documents\Ticket_Systems\ticket_app\views.py changed, reloading.
2025-07-22 18:37:43,739 django.utils.autoreload INFO     Watching for file changes with StatReloader
2025-07-22 18:38:39,698 django.utils.autoreload INFO     C:\Users\Karishma\Documents\Ticket_Systems\ticket_app\views.py changed, reloading.
2025-07-22 18:38:40,052 django.utils.autoreload INFO     Watching for file changes with StatReloader
2025-07-22 18:40:46,529 ticket_app.utils.response_optimizer INFO     Customer Ticket Details  were found successfully.
2025-07-22 18:41:07,629 ticket_app.utils.response_optimizer INFO     Customer Ticket Details  were found successfully.
2025-07-23 09:54:43,505 django.utils.autoreload INFO     C:\Users\Karishma\Documents\Ticket_Systems\ticket_app\views.py changed, reloading.
2025-07-23 09:54:44,102 django.utils.autoreload INFO     Watching for file changes with StatReloader
2025-07-23 10:00:04,791 django.utils.autoreload INFO     C:\Users\Karishma\Documents\Ticket_Systems\ticket_app\views.py changed, reloading.
2025-07-23 10:00:05,255 django.utils.autoreload INFO     Watching for file changes with StatReloader
2025-07-23 10:01:40,216 django.utils.autoreload INFO     C:\Users\Karishma\Documents\Ticket_Systems\ticket_app\views.py changed, reloading.
2025-07-23 10:01:40,594 django.utils.autoreload INFO     Watching for file changes with StatReloader
2025-07-23 10:08:27,004 django.utils.autoreload INFO     C:\Users\Karishma\Documents\Ticket_Systems\ticket_app\views.py changed, reloading.
2025-07-23 10:08:27,628 django.utils.autoreload INFO     Watching for file changes with StatReloader
2025-07-23 10:11:29,114 ticket_app.utils.response_optimizer INFO     Customer Ticket Details  were found successfully.
2025-07-23 10:18:58,016 django.utils.autoreload INFO     C:\Users\Karishma\Documents\Ticket_Systems\ticket_app\views.py changed, reloading.
2025-07-23 10:18:58,634 django.utils.autoreload INFO     Watching for file changes with StatReloader
2025-07-23 10:35:32,692 django.utils.autoreload INFO     C:\Users\Karishma\Documents\Ticket_Systems\ticket_app\models.py changed, reloading.
2025-07-23 10:35:33,177 django.utils.autoreload INFO     Watching for file changes with StatReloader
2025-07-23 10:36:36,083 ticket_app.utils.response_optimizer INFO     Customer Ticket Details Information were created successfully.
2025-07-23 10:36:52,149 ticket_app.utils.response_optimizer INFO     Customer Ticket Details  were found successfully.
2025-07-23 10:38:18,446 ticket_app.utils.response_optimizer INFO     Customer Ticket Details  were found successfully.
2025-07-23 10:39:12,261 ticket_app.utils.response_optimizer ERROR    ticket details updating process is failed, due to 'CustomerSupportTickets' object has no attribute 'is_valid'
2025-07-23 10:45:25,680 django.utils.autoreload INFO     C:\Users\Karishma\Documents\Ticket_Systems\ticket_app\views.py changed, reloading.
2025-07-23 10:45:26,124 django.utils.autoreload INFO     Watching for file changes with StatReloader
2025-07-23 10:45:54,423 django.utils.autoreload INFO     C:\Users\Karishma\Documents\Ticket_Systems\ticket_app\views.py changed, reloading.
2025-07-23 10:45:54,797 django.utils.autoreload INFO     Watching for file changes with StatReloader
2025-07-23 10:46:24,065 django.utils.autoreload INFO     C:\Users\Karishma\Documents\Ticket_Systems\ticket_app\views.py changed, reloading.
2025-07-23 10:46:24,420 django.utils.autoreload INFO     Watching for file changes with StatReloader
2025-07-23 10:46:30,659 ticket_app.utils.response_optimizer INFO     ticket details updated successfully
2025-07-23 10:46:47,547 ticket_app.utils.response_optimizer INFO     Customer Ticket Details  were found successfully.
2025-07-23 10:48:06,810 django.utils.autoreload INFO     C:\Users\Karishma\Documents\Ticket_Systems\ticket_app\views.py changed, reloading.
2025-07-23 10:48:07,186 django.utils.autoreload INFO     Watching for file changes with StatReloader
2025-07-23 10:48:13,499 ticket_app.utils.response_optimizer INFO     ticket details updated successfully
2025-07-23 10:49:23,093 ticket_app.utils.response_optimizer INFO     Ticket details deleted successfully
2025-07-23 10:49:48,586 ticket_app.utils.response_optimizer INFO     Customer Ticket Details  were found successfully.
2025-07-23 10:49:54,126 ticket_app.utils.response_optimizer INFO     Customer Ticket Details  were found successfully.
2025-07-23 10:50:37,212 ticket_app.utils.response_optimizer INFO     Customer Ticket Details  were found successfully.
2025-07-23 10:52:42,675 django.utils.autoreload INFO     C:\Users\Karishma\Documents\Ticket_Systems\ticket_app\views.py changed, reloading.
2025-07-23 10:52:43,030 django.utils.autoreload INFO     Watching for file changes with StatReloader
2025-07-23 10:52:47,261 ticket_app.utils.response_optimizer WARNING  No tickets found for customer_id 100
2025-07-23 10:53:28,575 django.utils.autoreload INFO     C:\Users\Karishma\Documents\Ticket_Systems\ticket_app\views.py changed, reloading.
2025-07-23 10:53:28,948 django.utils.autoreload INFO     Watching for file changes with StatReloader
2025-07-23 10:53:31,767 ticket_app.utils.response_optimizer WARNING  No tickets found for customer_id 100
2025-07-23 10:53:44,367 ticket_app.utils.response_optimizer INFO     Customer Ticket Details  were found successfully.
2025-07-23 10:56:27,218 django.utils.autoreload INFO     Watching for file changes with StatReloader
2025-07-23 10:56:35,662 django.request WARNING  Not Found: /
2025-07-23 10:56:35,821 django.request WARNING  Not Found: /favicon.ico
2025-07-23 10:58:22,573 django.utils.autoreload INFO     C:\Users\Karishma\Documents\Ticket_Systems\ticket_app\urls.py changed, reloading.
2025-07-23 10:58:22,774 django.utils.autoreload INFO     C:\Users\Karishma\Documents\Ticket_Systems\ticket_app\urls.py changed, reloading.
2025-07-23 10:58:22,966 django.utils.autoreload INFO     Watching for file changes with StatReloader
2025-07-23 10:58:23,217 django.utils.autoreload INFO     Watching for file changes with StatReloader
2025-07-23 10:58:43,704 django.utils.autoreload INFO     C:\Users\Karishma\Documents\Ticket_Systems\ticket_app\urls.py changed, reloading.
2025-07-23 10:58:44,086 django.utils.autoreload INFO     Watching for file changes with StatReloader
2025-07-23 10:58:44,199 django.utils.autoreload INFO     C:\Users\Karishma\Documents\Ticket_Systems\ticket_app\urls.py changed, reloading.
2025-07-23 10:58:44,598 django.utils.autoreload INFO     Watching for file changes with StatReloader
2025-07-23 11:00:12,633 django.utils.autoreload INFO     C:\Users\Karishma\Documents\Ticket_Systems\ticket_app\urls.py changed, reloading.
2025-07-23 11:00:12,778 django.utils.autoreload INFO     C:\Users\Karishma\Documents\Ticket_Systems\ticket_app\urls.py changed, reloading.
2025-07-23 11:00:13,120 django.utils.autoreload INFO     Watching for file changes with StatReloader
2025-07-23 11:00:13,171 django.utils.autoreload INFO     Watching for file changes with StatReloader
2025-07-23 11:01:08,184 django.utils.autoreload INFO     C:\Users\Karishma\Documents\Ticket_Systems\ticket_project\urls.py changed, reloading.
2025-07-23 11:01:08,451 django.utils.autoreload INFO     C:\Users\Karishma\Documents\Ticket_Systems\ticket_project\urls.py changed, reloading.
2025-07-23 11:01:08,579 django.utils.autoreload INFO     Watching for file changes with StatReloader
2025-07-23 11:01:08,885 django.utils.autoreload INFO     Watching for file changes with StatReloader
2025-07-23 11:01:29,591 django.utils.autoreload INFO     C:\Users\Karishma\Documents\Ticket_Systems\ticket_project\urls.py changed, reloading.
2025-07-23 11:01:29,701 django.utils.autoreload INFO     C:\Users\Karishma\Documents\Ticket_Systems\ticket_project\urls.py changed, reloading.
2025-07-23 11:01:30,035 django.utils.autoreload INFO     Watching for file changes with StatReloader
2025-07-23 11:01:30,192 django.utils.autoreload INFO     Watching for file changes with StatReloader
2025-07-23 11:01:45,518 django.utils.autoreload INFO     C:\Users\Karishma\Documents\Ticket_Systems\ticket_project\urls.py changed, reloading.
2025-07-23 11:01:45,950 django.utils.autoreload INFO     C:\Users\Karishma\Documents\Ticket_Systems\ticket_project\urls.py changed, reloading.
2025-07-23 11:01:46,059 django.utils.autoreload INFO     Watching for file changes with StatReloader
2025-07-23 11:01:46,364 django.utils.autoreload INFO     Watching for file changes with StatReloader
2025-07-23 11:02:06,115 django.utils.autoreload INFO     C:\Users\Karishma\Documents\Ticket_Systems\ticket_project\urls.py changed, reloading.
2025-07-23 11:02:06,275 django.utils.autoreload INFO     C:\Users\Karishma\Documents\Ticket_Systems\ticket_project\urls.py changed, reloading.
2025-07-23 11:02:06,602 django.utils.autoreload INFO     Watching for file changes with StatReloader
2025-07-23 11:02:06,653 django.utils.autoreload INFO     Watching for file changes with StatReloader
2025-07-23 11:02:26,680 django.utils.autoreload INFO     C:\Users\Karishma\Documents\Ticket_Systems\ticket_project\urls.py changed, reloading.
2025-07-23 11:02:26,896 django.utils.autoreload INFO     C:\Users\Karishma\Documents\Ticket_Systems\ticket_project\urls.py changed, reloading.
2025-07-23 11:02:27,163 django.utils.autoreload INFO     Watching for file changes with StatReloader
2025-07-23 11:02:27,294 django.utils.autoreload INFO     Watching for file changes with StatReloader
2025-07-23 11:02:35,405 django.request WARNING  Not Found: /Customer_Ticket_System/docs/
2025-07-23 11:02:48,126 django.utils.autoreload INFO     C:\Users\Karishma\Documents\Ticket_Systems\ticket_project\urls.py changed, reloading.
2025-07-23 11:02:48,467 django.utils.autoreload INFO     C:\Users\Karishma\Documents\Ticket_Systems\ticket_project\urls.py changed, reloading.
2025-07-23 11:02:48,588 django.utils.autoreload INFO     Watching for file changes with StatReloader
2025-07-23 11:02:48,898 django.utils.autoreload INFO     Watching for file changes with StatReloader
2025-07-23 11:03:27,794 django.utils.autoreload INFO     C:\Users\Karishma\Documents\Ticket_Systems\ticket_app\urls.py changed, reloading.
2025-07-23 11:03:27,838 django.utils.autoreload INFO     C:\Users\Karishma\Documents\Ticket_Systems\ticket_app\urls.py changed, reloading.
2025-07-23 11:03:28,206 django.utils.autoreload INFO     Watching for file changes with StatReloader
2025-07-23 11:03:28,290 django.utils.autoreload INFO     Watching for file changes with StatReloader
2025-07-23 11:04:15,047 django.utils.autoreload INFO     C:\Users\Karishma\Documents\Ticket_Systems\ticket_app\urls.py changed, reloading.
2025-07-23 11:04:15,397 django.utils.autoreload INFO     Watching for file changes with StatReloader
2025-07-23 11:04:15,630 django.utils.autoreload INFO     C:\Users\Karishma\Documents\Ticket_Systems\ticket_app\urls.py changed, reloading.
2025-07-23 11:04:16,122 django.utils.autoreload INFO     Watching for file changes with StatReloader
